{"C:\\Users\\MukdakanJiramahasan\\Desktop\\JavaScript\\simpleapi\\taxCalculation.js": {"path":"C:\\Users\\MukdakanJiramahasan\\Desktop\\JavaScript\\simpleapi\\taxCalculation.js","statementMap":{"0":{"start":{"line":5,"column":23},"end":{"line":5,"column":43}},"1":{"start":{"line":6,"column":8},"end":{"line":6,"column":28}},"2":{"start":{"line":7,"column":8},"end":{"line":7,"column":27}},"3":{"start":{"line":17,"column":4},"end":{"line":56,"column":5}},"4":{"start":{"line":18,"column":8},"end":{"line":18,"column":23}},"5":{"start":{"line":19,"column":8},"end":{"line":19,"column":25}},"6":{"start":{"line":20,"column":8},"end":{"line":20,"column":27}},"7":{"start":{"line":22,"column":9},"end":{"line":56,"column":5}},"8":{"start":{"line":23,"column":8},"end":{"line":23,"column":33}},"9":{"start":{"line":24,"column":8},"end":{"line":24,"column":31}},"10":{"start":{"line":25,"column":8},"end":{"line":25,"column":32}},"11":{"start":{"line":27,"column":9},"end":{"line":56,"column":5}},"12":{"start":{"line":28,"column":8},"end":{"line":28,"column":34}},"13":{"start":{"line":29,"column":8},"end":{"line":29,"column":31}},"14":{"start":{"line":30,"column":8},"end":{"line":30,"column":33}},"15":{"start":{"line":32,"column":9},"end":{"line":56,"column":5}},"16":{"start":{"line":33,"column":8},"end":{"line":33,"column":34}},"17":{"start":{"line":34,"column":8},"end":{"line":34,"column":31}},"18":{"start":{"line":35,"column":8},"end":{"line":35,"column":33}},"19":{"start":{"line":37,"column":9},"end":{"line":56,"column":5}},"20":{"start":{"line":38,"column":8},"end":{"line":38,"column":34}},"21":{"start":{"line":39,"column":8},"end":{"line":39,"column":31}},"22":{"start":{"line":40,"column":8},"end":{"line":40,"column":33}},"23":{"start":{"line":42,"column":9},"end":{"line":56,"column":5}},"24":{"start":{"line":43,"column":8},"end":{"line":43,"column":34}},"25":{"start":{"line":44,"column":8},"end":{"line":44,"column":31}},"26":{"start":{"line":45,"column":8},"end":{"line":45,"column":33}},"27":{"start":{"line":47,"column":9},"end":{"line":56,"column":5}},"28":{"start":{"line":48,"column":8},"end":{"line":48,"column":34}},"29":{"start":{"line":49,"column":8},"end":{"line":49,"column":31}},"30":{"start":{"line":50,"column":8},"end":{"line":50,"column":33}},"31":{"start":{"line":53,"column":8},"end":{"line":53,"column":34}},"32":{"start":{"line":54,"column":8},"end":{"line":54,"column":31}},"33":{"start":{"line":55,"column":8},"end":{"line":55,"column":33}},"34":{"start":{"line":57,"column":4},"end":{"line":57,"column":25}},"35":{"start":{"line":58,"column":4},"end":{"line":58,"column":66}},"36":{"start":{"line":60,"column":0},"end":{"line":60,"column":36}}},"fnMap":{"0":{"name":"(anonymous_0)","decl":{"start":{"line":3,"column":4},"end":{"line":3,"column":5}},"loc":{"start":{"line":3,"column":16},"end":{"line":9,"column":5}},"line":3},"1":{"name":"CalculateTax","decl":{"start":{"line":11,"column":9},"end":{"line":11,"column":21}},"loc":{"start":{"line":11,"column":30},"end":{"line":59,"column":1}},"line":11}},"branchMap":{"0":{"loc":{"start":{"line":17,"column":4},"end":{"line":56,"column":5}},"type":"if","locations":[{"start":{"line":17,"column":4},"end":{"line":56,"column":5}},{"start":{"line":22,"column":9},"end":{"line":56,"column":5}}],"line":17},"1":{"loc":{"start":{"line":22,"column":9},"end":{"line":56,"column":5}},"type":"if","locations":[{"start":{"line":22,"column":9},"end":{"line":56,"column":5}},{"start":{"line":27,"column":9},"end":{"line":56,"column":5}}],"line":22},"2":{"loc":{"start":{"line":22,"column":13},"end":{"line":22,"column":49}},"type":"binary-expr","locations":[{"start":{"line":22,"column":13},"end":{"line":22,"column":29}},{"start":{"line":22,"column":33},"end":{"line":22,"column":49}}],"line":22},"3":{"loc":{"start":{"line":27,"column":9},"end":{"line":56,"column":5}},"type":"if","locations":[{"start":{"line":27,"column":9},"end":{"line":56,"column":5}},{"start":{"line":32,"column":9},"end":{"line":56,"column":5}}],"line":27},"4":{"loc":{"start":{"line":27,"column":13},"end":{"line":27,"column":49}},"type":"binary-expr","locations":[{"start":{"line":27,"column":13},"end":{"line":27,"column":29}},{"start":{"line":27,"column":33},"end":{"line":27,"column":49}}],"line":27},"5":{"loc":{"start":{"line":32,"column":9},"end":{"line":56,"column":5}},"type":"if","locations":[{"start":{"line":32,"column":9},"end":{"line":56,"column":5}},{"start":{"line":37,"column":9},"end":{"line":56,"column":5}}],"line":32},"6":{"loc":{"start":{"line":32,"column":13},"end":{"line":32,"column":49}},"type":"binary-expr","locations":[{"start":{"line":32,"column":13},"end":{"line":32,"column":29}},{"start":{"line":32,"column":33},"end":{"line":32,"column":49}}],"line":32},"7":{"loc":{"start":{"line":37,"column":9},"end":{"line":56,"column":5}},"type":"if","locations":[{"start":{"line":37,"column":9},"end":{"line":56,"column":5}},{"start":{"line":42,"column":9},"end":{"line":56,"column":5}}],"line":37},"8":{"loc":{"start":{"line":37,"column":13},"end":{"line":37,"column":50}},"type":"binary-expr","locations":[{"start":{"line":37,"column":13},"end":{"line":37,"column":29}},{"start":{"line":37,"column":33},"end":{"line":37,"column":50}}],"line":37},"9":{"loc":{"start":{"line":42,"column":9},"end":{"line":56,"column":5}},"type":"if","locations":[{"start":{"line":42,"column":9},"end":{"line":56,"column":5}},{"start":{"line":47,"column":9},"end":{"line":56,"column":5}}],"line":42},"10":{"loc":{"start":{"line":42,"column":13},"end":{"line":42,"column":52}},"type":"binary-expr","locations":[{"start":{"line":42,"column":13},"end":{"line":42,"column":31}},{"start":{"line":42,"column":35},"end":{"line":42,"column":52}}],"line":42},"11":{"loc":{"start":{"line":47,"column":9},"end":{"line":56,"column":5}},"type":"if","locations":[{"start":{"line":47,"column":9},"end":{"line":56,"column":5}},{"start":{"line":52,"column":9},"end":{"line":56,"column":5}}],"line":47},"12":{"loc":{"start":{"line":47,"column":13},"end":{"line":47,"column":51}},"type":"binary-expr","locations":[{"start":{"line":47,"column":13},"end":{"line":47,"column":30}},{"start":{"line":47,"column":34},"end":{"line":47,"column":51}}],"line":47}},"s":{"0":8,"1":8,"2":8,"3":8,"4":1,"5":1,"6":1,"7":7,"8":1,"9":1,"10":1,"11":6,"12":1,"13":1,"14":1,"15":5,"16":1,"17":1,"18":1,"19":4,"20":1,"21":1,"22":1,"23":3,"24":0,"25":0,"26":0,"27":3,"28":1,"29":1,"30":1,"31":2,"32":2,"33":2,"34":8,"35":8,"36":1},"f":{"0":8,"1":8},"b":{"0":[1,7],"1":[1,6],"2":[7,7],"3":[1,5],"4":[6,6],"5":[1,4],"6":[5,5],"7":[1,3],"8":[4,4],"9":[0,3],"10":[3,0],"11":[1,2],"12":[3,2]},"_coverageSchema":"1a1c01bbd47fc00a2c39e90264f33305004495a9","hash":"1c629e8d53511831721aa702568f5ce8832dfeb1"}
}
