TN:
SF:taxCalculation.js
FN:3,(anonymous_0)
FN:11,CalculateTax
FNF:2
FNH:2
FNDA:8,(anonymous_0)
FNDA:8,CalculateTax
DA:5,8
DA:6,8
DA:7,8
DA:17,8
DA:18,1
DA:19,1
DA:20,1
DA:22,7
DA:23,1
DA:24,1
DA:25,1
DA:27,6
DA:28,1
DA:29,1
DA:30,1
DA:32,5
DA:33,1
DA:34,1
DA:35,1
DA:37,4
DA:38,1
DA:39,1
DA:40,1
DA:42,3
DA:43,0
DA:44,0
DA:45,0
DA:47,3
DA:48,1
DA:49,1
DA:50,1
DA:53,2
DA:54,2
DA:55,2
DA:57,8
DA:58,8
DA:60,1
LF:37
LH:34
BRDA:17,0,0,1
BRDA:17,0,1,7
BRDA:22,1,0,1
BRDA:22,1,1,6
BRDA:22,2,0,7
BRDA:22,2,1,7
BRDA:27,3,0,1
BRDA:27,3,1,5
BRDA:27,4,0,6
BRDA:27,4,1,6
BRDA:32,5,0,1
BRDA:32,5,1,4
BRDA:32,6,0,5
BRDA:32,6,1,5
BRDA:37,7,0,1
BRDA:37,7,1,3
BRDA:37,8,0,4
BRDA:37,8,1,4
BRDA:42,9,0,0
BRDA:42,9,1,3
BRDA:42,10,0,3
BRDA:42,10,1,0
BRDA:47,11,0,1
BRDA:47,11,1,2
BRDA:47,12,0,3
BRDA:47,12,1,2
BRF:26
BRH:24
end_of_record
